<?xml version="1.0" encoding="UTF-8"?>
<!-- Generated by org.testng.reporters.JUnitReportReporter -->
<testsuite hostname="ManiTheertham" failures="0" tests="1" name="org.practice.AllureTest" time="0.007" errors="0" timestamp="2022-08-02T12:22:06 IST" skipped="0">
  <testcase classname="org.practice.AllureTest" name="allurtest" time="0.007"/>
  <system-out/>
</testsuite> <!-- org.practice.AllureTest -->
