<?xml version="1.0" encoding="UTF-8"?>
<!-- Generated by org.testng.reporters.JUnitReportReporter -->
<testsuite hostname="ManiTheertham" failures="0" tests="1" name="org.practice.BrokenLinks" time="35.529" errors="0" timestamp="2022-08-02T23:02:30 IST" skipped="0">
  <testcase classname="org.practice.BrokenLinks" name="brokenLinks" time="35.529"/>
  <system-out/>
</testsuite> <!-- org.practice.BrokenLinks -->
